C51 COMPILER V9.60.7.0   MAIN                                                              07/05/2023 21:19:48 PAGE 1   


C51 COMPILER V9.60.7.0, COMPILATION OF MODULE MAIN
OBJECT MODULE PLACED IN .\Objects\main.obj
COMPILER INVOKED BY: D:\keil_c51\C51\BIN\C51.EXE main.c OPTIMIZE(8,SPEED) BROWSE DEBUG OBJECTEXTEND PRINT(.\Listings\mai
                    -n.lst) TABS(2) OBJECT(.\Objects\main.obj)

line level    source

   1          /*************************************
   2           * 
   3           *        Timer Try
   4           * 
   5           * CPU: 89C52
   6           * FREQ: 12MHz
   7           * 
   8           * ***********************************
   9          */
  10          
  11          #include <regx52.h>
  12          
  13          
  14          
  15          
  16          
  17          
  18          /**
  19            * @brief 中断处理函数，计时器每过1ms触发该函数
  20            * @param 无
  21            * @retval 无
  22            */
  23          void Timer0_Routine()  interrupt 1
  24          {
  25   1          static unsigned int T0Count;//计时器计数
  26   1          TH0=64535/256;
  27   1          TL0=64535%256;
  28   1          T0Count++;
  29   1          if(T0Count>=1000)
  30   1          {
  31   2              P2_0=~P2_0;
  32   2              T0Count=0;
  33   2              
  34   2          }
  35   1      }
  36          
  37          void main()
  38          {
  39   1          Timer0_Init();
*** WARNING C206 IN LINE 39 OF main.c: 'Timer0_Init': missing function-prototype
  40   1          P2_0=0;
  41   1          while (1)
  42   1          {
  43   2      
  44   2          }
  45   1      }


MODULE INFORMATION:   STATIC OVERLAYABLE
   CODE SIZE        =     47    ----
   CONSTANT SIZE    =   ----    ----
   XDATA SIZE       =   ----    ----
   PDATA SIZE       =   ----    ----
   DATA SIZE        =      2    ----
C51 COMPILER V9.60.7.0   MAIN                                                              07/05/2023 21:19:48 PAGE 2   

   IDATA SIZE       =   ----    ----
   BIT SIZE         =   ----    ----
END OF MODULE INFORMATION.


C51 COMPILATION COMPLETE.  1 WARNING(S),  0 ERROR(S)
