C51 COMPILER V9.60.7.0   TIMER0                                                            07/05/2023 21:19:48 PAGE 1   


C51 COMPILER V9.60.7.0, COMPILATION OF MODULE TIMER0
OBJECT MODULE PLACED IN .\Objects\Timer0.obj
COMPILER INVOKED BY: D:\keil_c51\C51\BIN\C51.EXE Timer0.c OPTIMIZE(8,SPEED) BROWSE DEBUG OBJECTEXTEND PRINT(.\Listings\T
                    -imer0.lst) TABS(2) OBJECT(.\Objects\Timer0.obj)

line level    source

   1          # include <regx52.h>
   2          #include "Timer0.h"
   3          
   4          
   5          /**
   6            * @brief ÂÆöÊó∂Âô®0ÂàùÂßãÂåñÂáΩÊï∞ÔºåÂØπËÆ°Êó∂Âô®Âíå‰∏≠Êñ≠Áõ∏ÂÖ≥ÂØÑÂ≠òÂô®ËøõË°åÈÖçÁΩÆÔºå12MHzÔºå1ms‰∏≠Êñ
             -≠
   7            * @param Êó†
   8            * @retval Êó†
   9            */
  10          void Timer0_Init()
  11          {
  12   1      //ÈÖçÁΩÆÂÆöÊó∂Âô®
  13   1      
  14   1          //ÈÖçÁΩÆT0ÂÆöÊó∂Âô®Ê®°ÂºèÔºåÂØÑÂ≠òÂô®T0_M0‰∏∫1ÔºåÂÖ∂‰Ωô‰∏∫0Ôºå‰ΩøÂÆöÊó∂Âô®T0‰∏∫16‰ΩçÊ®°Âºè
  15   1          //TMOD‰∏çÂèØ‰ΩçÂØªÂùÄÔºåÊï¥‰ΩìËµãÂÄº
  16   1          TMOD=0x01; 
  17   1          //ÈÖçÁΩÆT0ÂÆöÊó∂Âô®‰∏≠Êñ≠ÊéßÂà∂
  18   1          //TCONÂèØ‰ª•‰ΩçÂØªÂùÄ
  19   1          TF0=0;//T0Ê∫¢Âá∫‰∏≠Êñ≠Ê†áÂøóÔºåÂÖàËµãÂÄº0Èò≤Ê≠¢Áõ¥Êé•‰∏≠Êñ≠
  20   1          TR0=1;//T0ËøêË°åÊéßÂà∂ÔºåËµãÂÄº1ÂÖÅËÆ∏ËÆ°Êï∞
  21   1          //ÂØπËÆ°Êï∞Âô®ËµãÂàùÂÄº‰ΩøÂæóÊØè1ms‰∏≠Êñ≠‰∏ÄÊ¨°ÔºåÂÖ∂‰∏∫‰∏§‰∏™8‰ΩçÊãºÊé•ÔºåÊïÖÂ∫îËØ•ÂàÜÂºÄËµãÂÄº
  22   1          TH0=64535/256;
  23   1          TL0=64535%256;
  24   1      
  25   1      //ÈÖçÁΩÆ‰∏≠Êñ≠
  26   1          ET0=1;
  27   1          EA=1;
  28   1          PT0=0;
  29   1      
  30   1      }
  31          
  32          /*
  33          ÂÆöÊó∂Âô®‰∏≠Êñ≠ÂáΩÊï∞Ê®°Êùø
  34          void Timer0_Routine()  interrupt 1
  35          {
  36              static unsigned int T0Count;//ËÆ°Êó∂Âô®ËÆ°Êï∞
  37              TH0=64535/256;
  38              TL0=64535%256;
  39              T0Count++;
  40              if(T0Count>=1000)
  41              {
  42                 //Âú®ËøôÈáåÂÜô‰∏ä‰∏≠Êñ≠Â§ÑÁêÜÂÜÖÂÆπ
  43          
  44                 //
  45                  T0Count=0;
  46                  
  47              }
  48          }
  49          */


MODULE INFORMATION:   STATIC OVERLAYABLE
   CODE SIZE        =     20    ----
C51 COMPILER V9.60.7.0   TIMER0                                                            07/05/2023 21:19:48 PAGE 2   

   CONSTANT SIZE    =   ----    ----
   XDATA SIZE       =   ----    ----
   PDATA SIZE       =   ----    ----
   DATA SIZE        =   ----    ----
   IDATA SIZE       =   ----    ----
   BIT SIZE         =   ----    ----
END OF MODULE INFORMATION.


C51 COMPILATION COMPLETE.  0 WARNING(S),  0 ERROR(S)
